Error: [31m  Failed to scan for dependencies from entries:
  C:/Users/aaron/bco-platform/BCO/frontend/index.html

  [39m[31mX [41;31m[[41;97mERROR[41;31m][0m [1mMultiple exports with the same name "getTierMultiplier"[0m

    src/lib/scoring.js:38:9:
[37m      38 │ export { [32mgetTierMultiplier[37m }
         ╵          [32m~~~~~~~~~~~~~~~~~[0m

  The name "getTierMultiplier" was originally exported here:

    src/lib/scoring.js:17:16:
[37m      17 │ export function [32mgetTierMultiplier[37m(tier) {
         ╵                 [32m~~~~~~~~~~~~~~~~~[0m


    at failureErrorWithLog (C:\Users\aaron\bco-platform\BCO\frontend\node_modules\esbuild\lib\main.js:1649:15)
    at C:\Users\aaron\bco-platform\BCO\frontend\node_modules\esbuild\lib\main.js:1058:25
    at runOnEndCallbacks (C:\Users\aaron\bco-platform\BCO\frontend\node_modules\esbuild\lib\main.js:1484:45)
    at buildResponseToResult (C:\Users\aaron\bco-platform\BCO\frontend\node_modules\esbuild\lib\main.js:1056:7)
    at C:\Users\aaron\bco-platform\BCO\frontend\node_modules\esbuild\lib\main.js:1068:9
    at new Promise (<anonymous>)
    at requestCallbacks.on-end (C:\Users\aaron\bco-platform\BCO\frontend\node_modules\esbuild\lib\main.js:1067:54)
    at handleRequest (C:\Users\aaron\bco-platform\BCO\frontend\node_modules\esbuild\lib\main.js:729:19)
    at handleIncomingPacket (C:\Users\aaron\bco-platform\BCO\frontend\node_modules\esbuild\lib\main.js:755:7)
    at Socket.readFromStdout (C:\Users\aaron\bco-platform\BCO\frontend\node_modules\esbuild\lib\main.js:679:7)
